0 info it worked if it ends with ok
1 verbose cli [ '/usr/bin/node',
1 verbose cli   '/usr/bin/npm',
1 verbose cli   'install',
1 verbose cli   '-g',
1 verbose cli   'node-windows' ]
2 info using npm@3.10.10
3 info using node@v6.12.3
4 silly loadCurrentTree Starting
5 silly install loadCurrentTree
6 silly install readGlobalPackageData
7 silly fetchPackageMetaData node-windows
8 silly fetchNamedPackageData node-windows
9 silly mapToRegistry name node-windows
10 silly mapToRegistry using default registry
11 silly mapToRegistry registry https://registry.npmjs.org/
12 silly mapToRegistry data Result {
12 silly mapToRegistry   raw: 'node-windows',
12 silly mapToRegistry   scope: null,
12 silly mapToRegistry   escapedName: 'node-windows',
12 silly mapToRegistry   name: 'node-windows',
12 silly mapToRegistry   rawSpec: '',
12 silly mapToRegistry   spec: 'latest',
12 silly mapToRegistry   type: 'tag' }
13 silly mapToRegistry uri https://registry.npmjs.org/node-windows
14 verbose request uri https://registry.npmjs.org/node-windows
15 verbose request no auth needed
16 info attempt registry request try #1 at 2:37:14 PM
17 verbose request id 2fe3567c356c6c17
18 http request GET https://registry.npmjs.org/node-windows
19 http 200 https://registry.npmjs.org/node-windows
20 verbose headers { 'content-type': 'application/json; charset=UTF-8',
20 verbose headers   server: 'UploadServer',
20 verbose headers   'cache-control': 'max-age=300',
20 verbose headers   'last-modified': 'Sat, 13 Jan 2018 10:44:04 GMT',
20 verbose headers   etag: '"5a59e2f4-98df"',
20 verbose headers   'content-encoding': 'gzip',
20 verbose headers   'content-length': '10192',
20 verbose headers   'accept-ranges': 'bytes',
20 verbose headers   date: 'Tue, 23 Jan 2018 16:37:14 GMT',
20 verbose headers   via: '1.1 varnish',
20 verbose headers   age: '8290',
20 verbose headers   connection: 'keep-alive',
20 verbose headers   'x-served-by': 'cache-gru17122-GRU',
20 verbose headers   'x-cache': 'HIT',
20 verbose headers   'x-cache-hits': '1',
20 verbose headers   'x-timer': 'S1516725435.598735,VS0,VE1',
20 verbose headers   vary: 'Accept-Encoding, Accept' }
21 silly get cb [ 200,
21 silly get   { 'content-type': 'application/json; charset=UTF-8',
21 silly get     server: 'UploadServer',
21 silly get     'cache-control': 'max-age=300',
21 silly get     'last-modified': 'Sat, 13 Jan 2018 10:44:04 GMT',
21 silly get     etag: '"5a59e2f4-98df"',
21 silly get     'content-encoding': 'gzip',
21 silly get     'content-length': '10192',
21 silly get     'accept-ranges': 'bytes',
21 silly get     date: 'Tue, 23 Jan 2018 16:37:14 GMT',
21 silly get     via: '1.1 varnish',
21 silly get     age: '8290',
21 silly get     connection: 'keep-alive',
21 silly get     'x-served-by': 'cache-gru17122-GRU',
21 silly get     'x-cache': 'HIT',
21 silly get     'x-cache-hits': '1',
21 silly get     'x-timer': 'S1516725435.598735,VS0,VE1',
21 silly get     vary: 'Accept-Encoding, Accept' } ]
22 verbose get saving node-windows to /home/ivan/.npm/registry.npmjs.org/node-windows/.cache.json
23 verbose correctMkdir /home/ivan/.npm correctMkdir not in flight; initializing
24 silly install normalizeTree
25 silly loadCurrentTree Finishing
26 silly loadIdealTree Starting
27 silly install loadIdealTree
28 silly cloneCurrentTree Starting
29 silly install cloneCurrentTreeToIdealTree
30 silly cloneCurrentTree Finishing
31 silly loadShrinkwrap Starting
32 silly install loadShrinkwrap
33 silly loadShrinkwrap Finishing
34 silly loadAllDepsIntoIdealTree Starting
35 silly install loadAllDepsIntoIdealTree
36 silly rollbackFailedOptional Starting
37 silly rollbackFailedOptional Finishing
38 silly runTopLevelLifecycles Finishing
39 silly install printInstalled
40 verbose stack Error: Unsupported platform for node-windows@0.1.14: wanted {"name":"node-windows","version":"0.1.14","description":"Support for Windows services, event logging, UAC, and several helper methods for interacting with the OS.","keywords":["ngn","windows","service","daemon","logging","event","event logging","elevate","sudo","task"],"author":{"name":"Corey Butler","email":"corey@coreybutler.com"},"devDependencies":{},"main":"lib/node-windows.js","os":["win32"],"preferGlobal":true,"dependencies":{"optimist":"~0.6.0","xml":"0.0.12"},"scripts":{},"repository":{"type":"git","url":"git://github.com/coreybutler/node-windows.git"},"license":"MIT","engine":"node >= 0.10.10","gitHead":"2bea885671d02e29fb914645280ee4b6f3ecb505","bugs":{"url":"https://github.com/coreybutler/node-windows/issues"},"homepage":"https://github.com/coreybutler/node-windows#readme","_id":"node-windows@0.1.14","_shasum":"31bb0503da3bc637f2bfaa8b266640a2e92d891f","_from":"node-windows","_npmVersion":"4.1.2","_nodeVersion":"6.2.2","_npmUser":{"name":"cbutler","email":"corey@coreybutler.com"},"dist":{"shasum":"31bb0503da3bc637f2bfaa8b266640a2e92d891f","tarball":"https://registry.npmjs.org/node-windows/-/node-windows-0.1.14.tgz"},"maintainers":[{"name":"cbutler","email":"corey@coreybutler.com"}],"_npmOperationalInternal":{"host":"packages-18-east.internal.npmjs.com","tmp":"tmp/node-windows-0.1.14.tgz_1487701358977_0.8544409514870495"},"directories":{},"_resolved":"https://registry.npmjs.org/node-windows/-/node-windows-0.1.14.tgz","_requested":{"raw":"node-windows","scope":null,"escapedName":"node-windows","name":"node-windows","rawSpec":"","spec":"latest","type":"tag"},"_spec":"node-windows","_where":"/home/ivan/devel/soteriasoft","_args":[[{"raw":"node-windows","scope":null,"escapedName":"node-windows","name":"node-windows","rawSpec":"","spec":"latest","type":"tag"},"/home/ivan/devel/soteriasoft"]],"readme":"ERROR: No README data found!"} (current: {"os":"linux","cpu":"x64"})
40 verbose stack     at checkPlatform (/usr/lib/node_modules/npm/node_modules/npm-install-checks/index.js:45:14)
40 verbose stack     at thenWarnEngineIssues (/usr/lib/node_modules/npm/lib/install/validate-args.js:41:5)
40 verbose stack     at /usr/lib/node_modules/npm/node_modules/iferr/index.js:13:50
40 verbose stack     at checkEngine (/usr/lib/node_modules/npm/node_modules/npm-install-checks/index.js:10:20)
40 verbose stack     at module.exports.isInstallable (/usr/lib/node_modules/npm/lib/install/validate-args.js:38:3)
40 verbose stack     at Array.<anonymous> (/usr/lib/node_modules/npm/node_modules/slide/lib/bind-actor.js:15:8)
40 verbose stack     at LOOP (/usr/lib/node_modules/npm/node_modules/slide/lib/chain.js:15:14)
40 verbose stack     at /usr/lib/node_modules/npm/node_modules/slide/lib/chain.js:18:7
40 verbose stack     at checkSelf (/usr/lib/node_modules/npm/lib/install/validate-args.js:46:72)
40 verbose stack     at Array.<anonymous> (/usr/lib/node_modules/npm/node_modules/slide/lib/bind-actor.js:15:8)
41 verbose pkgid node-windows@0.1.14
42 verbose cwd /home/ivan/devel/soteriasoft
43 error Linux 4.4.0-109-generic
44 error argv "/usr/bin/node" "/usr/bin/npm" "install" "-g" "node-windows"
45 error node v6.12.3
46 error npm  v3.10.10
47 error code EBADPLATFORM
48 error notsup Unsupported platform for node-windows@0.1.14: wanted {"os":"win32","arch":"any"} (current: {"os":"linux","arch":"x64"})
49 error notsup Valid OS:    win32
49 error notsup Valid Arch:  any
49 error notsup Actual OS:   linux
49 error notsup Actual Arch: x64
50 verbose exit [ 1, true ]
